\BOOKMARK [0][-]{chapter.1}{Basics of Heat Transfer}{}% 1
\BOOKMARK [1][-]{section.1.1}{Introduction}{chapter.1}% 2
\BOOKMARK [1][-]{section.1.2}{Conduction}{chapter.1}% 3
\BOOKMARK [1][-]{section.1.3}{Convection}{chapter.1}% 4
\BOOKMARK [1][-]{section.1.4}{Radiation}{chapter.1}% 5
\BOOKMARK [0][-]{chapter.2}{Steady Heat Conduction}{}% 6
\BOOKMARK [1][-]{section.2.1}{Thermal Resistance Networks}{chapter.2}% 7
\BOOKMARK [1][-]{section.2.2}{Heat Conduction with Cylinders and Spheres}{chapter.2}% 8
\BOOKMARK [2][-]{subsection.2.2.1}{Cylinders}{section.2.2}% 9
\BOOKMARK [2][-]{subsection.2.2.2}{Spheres}{section.2.2}% 10
\BOOKMARK [1][-]{section.2.3}{Critical Radius of Insulation}{chapter.2}% 11
\BOOKMARK [1][-]{section.2.4}{Chapter 10 Class Notes}{chapter.2}% 12
\BOOKMARK [1][-]{section.2.5}{Fins}{chapter.2}% 13
\BOOKMARK [0][-]{chapter.3}{Transient Temperature Changes}{}% 14
\BOOKMARK [1][-]{section.3.1}{Lump Analysis}{chapter.3}% 15
\BOOKMARK [1][-]{section.3.2}{Transient Heat Conduction}{chapter.3}% 16
\BOOKMARK [2][-]{subsection.3.2.1}{Illustrative Example: }{section.3.2}% 17
\BOOKMARK [0][-]{chapter.4}{External Forced Convection}{}% 18
\BOOKMARK [1][-]{section.4.1}{Physical Mechanisms of Convection}{chapter.4}% 19
\BOOKMARK [1][-]{section.4.2}{Classifying Fluid Flows}{chapter.4}% 20
\BOOKMARK [1][-]{section.4.3}{Velocity Boundary Layer}{chapter.4}% 21
\BOOKMARK [0][-]{chapter.5}{In-Class Things and Guides}{}% 22
\BOOKMARK [1][-]{section.5.1}{Thermal Boundary Layer}{chapter.5}% 23
\BOOKMARK [1][-]{section.5.2}{Laminar and Turbulent Flows}{chapter.5}% 24
\BOOKMARK [1][-]{section.5.3}{Drag and Heat Transfer in External Flow}{chapter.5}% 25
\BOOKMARK [2][-]{subsection.5.3.1}{Heat Transfer}{section.5.3}% 26
\BOOKMARK [2][-]{subsection.5.3.2}{Unheated Starting Length}{section.5.3}% 27
\BOOKMARK [2][-]{subsection.5.3.3}{Uniform Heat Flux}{section.5.3}% 28
