\BOOKMARK [0][-]{chapter.1}{Electrostatics}{}% 1
\BOOKMARK [1][-]{section.1.1}{Coulomb's Law and Electric Field}{chapter.1}% 2
\BOOKMARK [1][-]{section.1.2}{Electric Field Intensity }{chapter.1}% 3
\BOOKMARK [1][-]{section.1.3}{ from Continuous Charge Distribution}{chapter.1}% 4
\BOOKMARK [1][-]{section.1.4}{Gauss's Law}{chapter.1}% 5
\BOOKMARK [2][-]{subsection.1.4.1}{Fundamental Postulates of Electrostatics}{section.1.4}% 6
\BOOKMARK [2][-]{subsection.1.4.2}{Why is Gauss's law true?}{section.1.4}% 7
\BOOKMARK [2][-]{subsection.1.4.3}{Problem Solving with Gauss's Law}{section.1.4}% 8
\BOOKMARK [1][-]{section.1.5}{Electric Scalar Potential}{chapter.1}% 9
\BOOKMARK [1][-]{section.1.6}{Dielectrics}{chapter.1}% 10
\BOOKMARK [2][-]{subsection.1.6.1}{Dielectric Strength}{section.1.6}% 11
\BOOKMARK [2][-]{subsection.1.6.2}{Dielectric Boundary Conditions}{section.1.6}% 12
\BOOKMARK [2][-]{subsection.1.6.3}{Capacitance}{section.1.6}% 13
\BOOKMARK [1][-]{section.1.7}{Electrostatic Energy}{chapter.1}% 14
\BOOKMARK [2][-]{subsection.1.7.1}{Parallel Plate Capacitor}{section.1.7}% 15
\BOOKMARK [1][-]{section.1.8}{LaPlace and Poisson's Equations}{chapter.1}% 16
\BOOKMARK [1][-]{section.1.9}{Resistance and Joule's Law}{chapter.1}% 17
\BOOKMARK [2][-]{subsection.1.9.1}{Volume Current Density}{section.1.9}% 18
\BOOKMARK [2][-]{subsection.1.9.2}{Power}{section.1.9}% 19
\BOOKMARK [0][-]{chapter.2}{Magnetostatics}{}% 20
\BOOKMARK [1][-]{section.2.1}{Biot-Savart Law}{chapter.2}% 21
\BOOKMARK [1][-]{section.2.2}{Boundary Conditions}{chapter.2}% 22
\BOOKMARK [1][-]{section.2.3}{Energy}{chapter.2}% 23
\BOOKMARK [1][-]{section.2.4}{Lorentz Force}{chapter.2}% 24
\BOOKMARK [1][-]{section.2.5}{Ampere's Law}{chapter.2}% 25
\BOOKMARK [1][-]{section.2.6}{Magnetization}{chapter.2}% 26
\BOOKMARK [1][-]{section.2.7}{Material Properties: Atomic Magnetic Dipoles}{chapter.2}% 27
\BOOKMARK [1][-]{section.2.8}{Modeling Transformer Circuits}{chapter.2}% 28
\BOOKMARK [2][-]{subsection.2.8.1}{Mesh Analysis}{section.2.8}% 29
\BOOKMARK [1][-]{section.2.9}{Inductance}{chapter.2}% 30
