This is pdfTeX, Version 3.14159265-2.6-1.40.19 (MiKTeX 2.9.6840) (preloaded format=pdflatex 2019.1.7)  24 OCT 2020 06:22
entering extended mode
**./ECE253.tex
(ECE253.tex
LaTeX2e <2018-12-01>

("/Users/abhargava/Library/Application Support/MiKTeX/texmfs/install/tex/latex/
base/report.cls"
Document Class: report 2018/09/03 v1.4i Standard LaTeX document class

("/Users/abhargava/Library/Application Support/MiKTeX/texmfs/install/tex/latex/
base/size12.clo"
File: size12.clo 2018/09/03 v1.4i Standard LaTeX file (size option)
)
\c@part=\count80
\c@chapter=\count81
\c@section=\count82
\c@subsection=\count83
\c@subsubsection=\count84
\c@paragraph=\count85
\c@subparagraph=\count86
\c@figure=\count87
\c@table=\count88
\abovecaptionskip=\skip41
\belowcaptionskip=\skip42
\bibindent=\dimen102
)
("/Users/abhargava/Library/Application Support/MiKTeX/texmfs/install/tex/latex/
amsmath/amsmath.sty"
Package: amsmath 2018/12/01 v2.17b AMS math features
\@mathmargin=\skip43

For additional information on amsmath, use the `?' option.

("/Users/abhargava/Library/Application Support/MiKTeX/texmfs/install/tex/latex/
amsmath/amstext.sty"
Package: amstext 2000/06/29 v2.01 AMS text

("/Users/abhargava/Library/Application Support/MiKTeX/texmfs/install/tex/latex/
amsmath/amsgen.sty"
File: amsgen.sty 1999/11/30 v2.0 generic functions
\@emptytoks=\toks14
\ex@=\dimen103
))
("/Users/abhargava/Library/Application Support/MiKTeX/texmfs/install/tex/latex/
amsmath/amsbsy.sty"
Package: amsbsy 1999/11/29 v1.2d Bold Symbols
\pmbraise@=\dimen104
)
("/Users/abhargava/Library/Application Support/MiKTeX/texmfs/install/tex/latex/
amsmath/amsopn.sty"
Package: amsopn 2016/03/08 v2.02 operator names
)
\inf@bad=\count89
LaTeX Info: Redefining \frac on input line 223.
\uproot@=\count90
\leftroot@=\count91
LaTeX Info: Redefining \overline on input line 385.
\classnum@=\count92
\DOTSCASE@=\count93
LaTeX Info: Redefining \ldots on input line 482.
LaTeX Info: Redefining \dots on input line 485.
LaTeX Info: Redefining \cdots on input line 606.
\Mathstrutbox@=\box27
\strutbox@=\box28
\big@size=\dimen105
LaTeX Font Info:    Redeclaring font encoding OML on input line 729.
LaTeX Font Info:    Redeclaring font encoding OMS on input line 730.
\macc@depth=\count94
\c@MaxMatrixCols=\count95
\dotsspace@=\muskip10
\c@parentequation=\count96
\dspbrk@lvl=\count97
\tag@help=\toks15
\row@=\count98
\column@=\count99
\maxfields@=\count100
\andhelp@=\toks16
\eqnshift@=\dimen106
\alignsep@=\dimen107
\tagshift@=\dimen108
\tagwidth@=\dimen109
\totwidth@=\dimen110
\lineht@=\dimen111
\@envbody=\toks17
\multlinegap=\skip44
\multlinetaggap=\skip45
\mathdisplay@stack=\toks18
LaTeX Info: Redefining \[ on input line 2844.
LaTeX Info: Redefining \] on input line 2845.
)
("/Users/abhargava/Library/Application Support/MiKTeX/texmfs/install/tex/latex/
amsfonts/amsfonts.sty"
Package: amsfonts 2013/01/14 v3.01 Basic AMSFonts support
\symAMSa=\mathgroup4
\symAMSb=\mathgroup5
LaTeX Font Info:    Overwriting math alphabet `\mathfrak' in version `bold'
(Font)                  U/euf/m/n --> U/euf/b/n on input line 106.
)
("/Users/abhargava/Library/Application Support/MiKTeX/texmfs/install/tex/latex/
mathtools/mathtools.sty"
Package: mathtools 2018/01/08 v1.21 mathematical typesetting tools

("/Users/abhargava/Library/Application Support/MiKTeX/texmfs/install/tex/latex/
graphics/keyval.sty"
Package: keyval 2014/10/28 v1.15 key=value parser (DPC)
\KV@toks@=\toks19
)
("/Users/abhargava/Library/Application Support/MiKTeX/texmfs/install/tex/latex/
tools/calc.sty"
Package: calc 2017/05/25 v4.3 Infix arithmetic (KKT,FJ)
\calc@Acount=\count101
\calc@Bcount=\count102
\calc@Adimen=\dimen112
\calc@Bdimen=\dimen113
\calc@Askip=\skip46
\calc@Bskip=\skip47
LaTeX Info: Redefining \setlength on input line 80.
LaTeX Info: Redefining \addtolength on input line 81.
\calc@Ccount=\count103
\calc@Cskip=\skip48
)
("/Users/abhargava/Library/Application Support/MiKTeX/texmfs/install/tex/latex/
mathtools/mhsetup.sty"
Package: mhsetup 2017/03/31 v1.3 programming setup (MH)
)
LaTeX Info: Thecontrolsequence`\('isalreadyrobust on input line 129.
LaTeX Info: Thecontrolsequence`\)'isalreadyrobust on input line 129.
LaTeX Info: Thecontrolsequence`\['isalreadyrobust on input line 129.
LaTeX Info: Thecontrolsequence`\]'isalreadyrobust on input line 129.
\g_MT_multlinerow_int=\count104
\l_MT_multwidth_dim=\dimen114
\origjot=\skip49
\l_MT_shortvdotswithinadjustabove_dim=\dimen115
\l_MT_shortvdotswithinadjustbelow_dim=\dimen116
\l_MT_above_intertext_sep=\dimen117
\l_MT_below_intertext_sep=\dimen118
\l_MT_above_shortintertext_sep=\dimen119
\l_MT_below_shortintertext_sep=\dimen120
)
("/Users/abhargava/Library/Application Support/MiKTeX/texmfs/install/tex/latex/
hyperref/hyperref.sty"
Package: hyperref 2018/11/30 v6.88e Hypertext links for LaTeX

("/Users/abhargava/Library/Application Support/MiKTeX/texmfs/install/tex/generi
c/oberdiek/hobsub-hyperref.sty"
Package: hobsub-hyperref 2016/05/16 v1.14 Bundle oberdiek, subset hyperref (HO)


("/Users/abhargava/Library/Application Support/MiKTeX/texmfs/install/tex/generi
c/oberdiek/hobsub-generic.sty"
Package: hobsub-generic 2016/05/16 v1.14 Bundle oberdiek, subset generic (HO)
Package: hobsub 2016/05/16 v1.14 Construct package bundles (HO)
Package: infwarerr 2016/05/16 v1.4 Providing info/warning/error messages (HO)
Package: ltxcmds 2016/05/16 v1.23 LaTeX kernel commands for general use (HO)
Package: ifluatex 2016/05/16 v1.4 Provides the ifluatex switch (HO)
Package ifluatex Info: LuaTeX not detected.
Package: ifvtex 2016/05/16 v1.6 Detect VTeX and its facilities (HO)
Package ifvtex Info: VTeX not detected.
Package: intcalc 2016/05/16 v1.2 Expandable calculations with integers (HO)
Package: ifpdf 2018/09/07 v3.3 Provides the ifpdf switch
Package: etexcmds 2016/05/16 v1.6 Avoid name clashes with e-TeX commands (HO)
Package etexcmds Info: Could not find \expanded.
(etexcmds)             That can mean that you are not using pdfTeX 1.50 or
(etexcmds)             that some package has redefined \expanded.
(etexcmds)             In the latter case, load this package earlier.
Package: kvsetkeys 2016/05/16 v1.17 Key value parser (HO)
Package: kvdefinekeys 2016/05/16 v1.4 Define keys (HO)
Package: pdftexcmds 2018/09/10 v0.29 Utility functions of pdfTeX for LuaTeX (HO
)
Package pdftexcmds Info: LuaTeX not detected.
Package pdftexcmds Info: \pdf@primitive is available.
Package pdftexcmds Info: \pdf@ifprimitive is available.
Package pdftexcmds Info: \pdfdraftmode found.
Package: pdfescape 2016/05/16 v1.14 Implements pdfTeX's escape features (HO)
Package: bigintcalc 2016/05/16 v1.4 Expandable calculations on big integers (HO
)
Package: bitset 2016/05/16 v1.2 Handle bit-vector datatype (HO)
Package: uniquecounter 2016/05/16 v1.3 Provide unlimited unique counter (HO)
)
Package hobsub Info: Skipping package `hobsub' (already loaded).
Package: letltxmacro 2016/05/16 v1.5 Let assignment for LaTeX macros (HO)
Package: hopatch 2016/05/16 v1.3 Wrapper for package hooks (HO)
Package: xcolor-patch 2016/05/16 xcolor patch
Package: atveryend 2016/05/16 v1.9 Hooks at the very end of document (HO)
Package atveryend Info: \enddocument detected (standard20110627).
Package: atbegshi 2016/06/09 v1.18 At begin shipout hook (HO)
Package: refcount 2016/05/16 v3.5 Data extraction from label references (HO)
Package: hycolor 2016/05/16 v1.8 Color options for hyperref/bookmark (HO)
)
("/Users/abhargava/Library/Application Support/MiKTeX/texmfs/install/tex/generi
c/ifxetex/ifxetex.sty"
Package: ifxetex 2010/09/12 v0.6 Provides ifxetex conditional
)
("/Users/abhargava/Library/Application Support/MiKTeX/texmfs/install/tex/latex/
oberdiek/auxhook.sty"
Package: auxhook 2016/05/16 v1.4 Hooks for auxiliary files (HO)
)
("/Users/abhargava/Library/Application Support/MiKTeX/texmfs/install/tex/latex/
oberdiek/kvoptions.sty"
Package: kvoptions 2016/05/16 v3.12 Key value format for package options (HO)
)
\@linkdim=\dimen121
\Hy@linkcounter=\count105
\Hy@pagecounter=\count106

("/Users/abhargava/Library/Application Support/MiKTeX/texmfs/install/tex/latex/
hyperref/pd1enc.def"
File: pd1enc.def 2018/11/30 v6.88e Hyperref: PDFDocEncoding definition (HO)
Now handling font encoding PD1 ...
... no UTF-8 mapping file for font encoding PD1
)
\Hy@SavedSpaceFactor=\count107

("/Users/abhargava/Library/Application Support/MiKTeX/texmfs/install/tex/latex/
00miktex/hyperref.cfg"
File: hyperref.cfg 2002/06/06 v1.2 hyperref configuration of TeXLive
)
Package hyperref Info: Hyper figures OFF on input line 4519.
Package hyperref Info: Link nesting OFF on input line 4524.
Package hyperref Info: Hyper index ON on input line 4527.
Package hyperref Info: Plain pages OFF on input line 4534.
Package hyperref Info: Backreferencing OFF on input line 4539.
Package hyperref Info: Implicit mode ON; LaTeX internals redefined.
Package hyperref Info: Bookmarks ON on input line 4772.
\c@Hy@tempcnt=\count108

("/Users/abhargava/Library/Application Support/MiKTeX/texmfs/install/tex/latex/
url/url.sty"
\Urlmuskip=\muskip11
Package: url 2013/09/16  ver 3.4  Verb mode for urls, etc.
)
LaTeX Info: Redefining \url on input line 5125.
\XeTeXLinkMargin=\dimen122
\Fld@menulength=\count109
\Field@Width=\dimen123
\Fld@charsize=\dimen124
Package hyperref Info: Hyper figures OFF on input line 6380.
Package hyperref Info: Link nesting OFF on input line 6385.
Package hyperref Info: Hyper index ON on input line 6388.
Package hyperref Info: backreferencing OFF on input line 6395.
Package hyperref Info: Link coloring OFF on input line 6400.
Package hyperref Info: Link coloring with OCG OFF on input line 6405.
Package hyperref Info: PDF/A mode OFF on input line 6410.
LaTeX Info: Redefining \ref on input line 6450.
LaTeX Info: Redefining \pageref on input line 6454.
\Hy@abspage=\count110
\c@Item=\count111
\c@Hfootnote=\count112
)
Package hyperref Info: Driver (autodetected): hpdftex.

("/Users/abhargava/Library/Application Support/MiKTeX/texmfs/install/tex/latex/
hyperref/hpdftex.def"
File: hpdftex.def 2018/11/30 v6.88e Hyperref driver for pdfTeX
\Fld@listcount=\count113
\c@bookmark@seq@number=\count114

("/Users/abhargava/Library/Application Support/MiKTeX/texmfs/install/tex/latex/
oberdiek/rerunfilecheck.sty"
Package: rerunfilecheck 2016/05/16 v1.8 Rerun checks for auxiliary files (HO)
Package uniquecounter Info: New unique counter `rerunfilecheck' on input line 2
82.
)
\Hy@SectionHShift=\skip50
)
("/Users/abhargava/Library/Application Support/MiKTeX/texmfs/install/tex/latex/
listings/listings.sty"
\lst@mode=\count115
\lst@gtempboxa=\box29
\lst@token=\toks20
\lst@length=\count116
\lst@currlwidth=\dimen125
\lst@column=\count117
\lst@pos=\count118
\lst@lostspace=\dimen126
\lst@width=\dimen127
\lst@newlines=\count119
\lst@lineno=\count120
\lst@maxwidth=\dimen128

("/Users/abhargava/Library/Application Support/MiKTeX/texmfs/install/tex/latex/
listings/lstmisc.sty"
File: lstmisc.sty 2018/09/02 1.7 (Carsten Heinz)
\c@lstnumber=\count121
\lst@skipnumbers=\count122
\lst@framebox=\box30
)
("/Users/abhargava/Library/Application Support/MiKTeX/texmfs/install/tex/latex/
listings/listings.cfg"
File: listings.cfg 2018/09/02 1.7 listings configuration
))
Package: listings 2018/09/02 1.7 (Carsten Heinz)

("/Users/abhargava/Library/Application Support/MiKTeX/texmfs/install/tex/latex/
graphics/color.sty"
Package: color 2016/07/10 v1.1e Standard LaTeX Color (DPC)

("/Users/abhargava/Library/Application Support/MiKTeX/texmfs/install/tex/latex/
graphics-cfg/color.cfg"
File: color.cfg 2016/01/02 v1.6 sample color configuration
)
Package color Info: Driver file: pdftex.def on input line 147.

("/Users/abhargava/Library/Application Support/MiKTeX/texmfs/install/tex/latex/
graphics-def/pdftex.def"
File: pdftex.def 2018/01/08 v1.0l Graphics/color driver for pdftex
)) (ECE253.aux)
\openout1 = `ECE253.aux'.

LaTeX Font Info:    Checking defaults for OML/cmm/m/it on input line 13.
LaTeX Font Info:    ... okay on input line 13.
LaTeX Font Info:    Checking defaults for T1/cmr/m/n on input line 13.
LaTeX Font Info:    ... okay on input line 13.
LaTeX Font Info:    Checking defaults for OT1/cmr/m/n on input line 13.
LaTeX Font Info:    ... okay on input line 13.
LaTeX Font Info:    Checking defaults for OMS/cmsy/m/n on input line 13.
LaTeX Font Info:    ... okay on input line 13.
LaTeX Font Info:    Checking defaults for OMX/cmex/m/n on input line 13.
LaTeX Font Info:    ... okay on input line 13.
LaTeX Font Info:    Checking defaults for U/cmr/m/n on input line 13.
LaTeX Font Info:    ... okay on input line 13.
LaTeX Font Info:    Checking defaults for PD1/pdf/m/n on input line 13.
LaTeX Font Info:    ... okay on input line 13.

("/Users/abhargava/Library/Application Support/MiKTeX/texmfs/install/tex/latex/
graphics/graphicx.sty"
Package: graphicx 2017/06/01 v1.1a Enhanced LaTeX Graphics (DPC,SPQR)

("/Users/abhargava/Library/Application Support/MiKTeX/texmfs/install/tex/latex/
graphics/graphics.sty"
Package: graphics 2017/06/25 v1.2c Standard LaTeX Graphics (DPC,SPQR)

("/Users/abhargava/Library/Application Support/MiKTeX/texmfs/install/tex/latex/
graphics/trig.sty"
Package: trig 2016/01/03 v1.10 sin cos tan (DPC)
)
("/Users/abhargava/Library/Application Support/MiKTeX/texmfs/install/tex/latex/
graphics-cfg/graphics.cfg"
File: graphics.cfg 2016/06/04 v1.11 sample graphics configuration
)
Package graphics Info: Driver file: pdftex.def on input line 99.
)
\Gin@req@height=\dimen129
\Gin@req@width=\dimen130
)
\AtBeginShipoutBox=\box31
Package hyperref Info: Link coloring OFF on input line 13.

("/Users/abhargava/Library/Application Support/MiKTeX/texmfs/install/tex/latex/
hyperref/nameref.sty"
Package: nameref 2016/05/21 v2.44 Cross-referencing by name of section

("/Users/abhargava/Library/Application Support/MiKTeX/texmfs/install/tex/generi
c/oberdiek/gettitlestring.sty"
Package: gettitlestring 2016/05/16 v1.5 Cleanup title references (HO)
)
\c@section@level=\count123
)
LaTeX Info: Redefining \ref on input line 13.
LaTeX Info: Redefining \pageref on input line 13.
LaTeX Info: Redefining \nameref on input line 13.
 (ECE253.out) (ECE253.out)
\@outlinefile=\write3
\openout3 = `ECE253.out'.

\c@lstlisting=\count124

("/Users/abhargava/Library/Application Support/MiKTeX/texmfs/install/tex/contex
t/base/supp-pdf.mkii"
[Loading MPS to PDF converter (version 2006.09.02).]
\scratchcounter=\count125
\scratchdimen=\dimen131
\scratchbox=\box32
\nofMPsegments=\count126
\nofMParguments=\count127
\everyMPshowfont=\toks21
\MPscratchCnt=\count128
\MPscratchDim=\dimen132
\MPnumerator=\count129
\makeMPintoPDFobject=\count130
\everyMPtoPDFconversion=\toks22
)
("/Users/abhargava/Library/Application Support/MiKTeX/texmfs/install/tex/latex/
oberdiek/epstopdf-base.sty"
Package: epstopdf-base 2016/05/15 v2.6 Base part for package epstopdf

("/Users/abhargava/Library/Application Support/MiKTeX/texmfs/install/tex/latex/
oberdiek/grfext.sty"
Package: grfext 2016/05/16 v1.2 Manage graphics extensions (HO)
)
Package epstopdf-base Info: Redefining graphics rule for `.eps' on input line 4
38.
Package grfext Info: Graphics extension search list:
(grfext)             [.pdf,.png,.jpg,.mps,.jpeg,.jbig2,.jb2,.PDF,.PNG,.JPG,.JPE
G,.JBIG2,.JB2,.eps]
(grfext)             \AppendGraphicsExtensions on input line 456.
)
LaTeX Font Info:    Try loading font information for U+msa on input line 18.

("/Users/abhargava/Library/Application Support/MiKTeX/texmfs/install/tex/latex/
amsfonts/umsa.fd"
File: umsa.fd 2013/01/14 v3.01 AMS symbols A
)
LaTeX Font Info:    Try loading font information for U+msb on input line 18.

("/Users/abhargava/Library/Application Support/MiKTeX/texmfs/install/tex/latex/
amsfonts/umsb.fd"
File: umsb.fd 2013/01/14 v3.01 AMS symbols B
) [1

{/Users/abhargava/Library/Application Support/MiKTeX/texmfs/data/pdftex/config/
pdftex.map}] (ECE253.tocpdfTeX warning (ext4): destination with the same identi
fier (name{page.1}) has been already used, duplicate ignored
<to be read again> 
                   \relax 
l.59 ...e {5.4.1}Behavior: }{16}{subsection.5.4.1}
                                                  % [1

] [2]
Overfull \hbox (40.57777pt too wide) in paragraph at lines 120--120
 [][] [][]\OT1/cmr/m/n/12 Notes on SUBROUTINE INTERRUPT IMPLEMENTATION: 
 []

)
\tf@toc=\write4
\openout4 = `ECE253.toc'.

 [3]
Chapter 1.

Package hyperref Warning: Token not allowed in a PDF string (PDFDocEncoding):
(hyperref)                removing `math shift' on input line 29.


Package hyperref Warning: Token not allowed in a PDF string (PDFDocEncoding):
(hyperref)                removing `\to' on input line 29.


Package hyperref Warning: Token not allowed in a PDF string (PDFDocEncoding):
(hyperref)                removing `math shift' on input line 29.


Package hyperref Warning: Token not allowed in a PDF string (PDFDocEncoding):
(hyperref)                removing `math shift' on input line 32.


Package hyperref Warning: Token not allowed in a PDF string (PDFDocEncoding):
(hyperref)                removing `\to' on input line 32.


Package hyperref Warning: Token not allowed in a PDF string (PDFDocEncoding):
(hyperref)                removing `math shift' on input line 32.


Package hyperref Warning: Token not allowed in a PDF string (PDFDocEncoding):
(hyperref)                removing `math shift' on input line 35.


Package hyperref Warning: Token not allowed in a PDF string (PDFDocEncoding):
(hyperref)                removing `\to' on input line 35.


Package hyperref Warning: Token not allowed in a PDF string (PDFDocEncoding):
(hyperref)                removing `math shift' on input line 35.

[4

] [5]
Chapter 2.
LaTeX Font Info:    Try loading font information for OMS+cmr on input line 75.

("/Users/abhargava/Library/Application Support/MiKTeX/texmfs/install/tex/latex/
base/omscmr.fd"
File: omscmr.fd 2014/09/29 v2.5h Standard LaTeX font definitions
)
LaTeX Font Info:    Font shape `OMS/cmr/m/n' in size <12> not available
(Font)              Font shape `OMS/cmsy/m/n' tried instead on input line 75.
 [6

]
Overfull \hbox (8.46901pt too wide) in paragraph at lines 100--102
\OT1/cmr/m/n/12 'minterm'. Note that variables can either be complimented or un
complimented. 
 []


Overfull \hbox (2.35034pt too wide) in paragraph at lines 110--112
 []\OT1/cmr/bx/n/12 Max term: [] \OT1/cmr/m/n/12 where all $\OML/cmm/m/it/12 n$
 \OT1/cmr/m/n/12 variables appear OR-d. They can be complimented
 []

[7]
Chapter 3.

Package hyperref Warning: Difference (2) between bookmark levels is greater 
(hyperref)                than one, level fixed on input line 135.


("/Users/abhargava/Library/Application Support/MiKTeX/texmfs/install/tex/latex/
listings/lstlang1.sty"
File: lstlang1.sty 2018/09/02 1.7 listings language file
)
("/Users/abhargava/Library/Application Support/MiKTeX/texmfs/install/tex/latex/
listings/lstlang2.sty"
File: lstlang2.sty 2018/09/02 1.7 listings language file
)
("/Users/abhargava/Library/Application Support/MiKTeX/texmfs/install/tex/latex/
listings/lstlang3.sty"
File: lstlang3.sty 2018/09/02 1.7 listings language file
) [8

]
Overfull \hbox (2.9537pt too wide) in paragraph at lines 194--196
[]\OT1/cmr/bx/n/12 Order of Operations:  \OT1/cmr/m/n/12 Basically nobody knows
... just use parenthesis
 []

[9] [10] [11] [12]
Overfull \hbox (9.38623pt too wide) in paragraph at lines 365--366
[]\OT1/cmr/m/n/12 Any two input LUT can be programmed for any two-input logic f
unctions. 
 []

[13] [14]
Chapter 4.
[15

] [16]
Chapter 5.
<../media/basicLatch.png, id=588, 814.04124pt x 306.14375pt>
File: ../media/basicLatch.png Graphic file (type png)
<use ../media/basicLatch.png>
Package pdftex.def Info: ../media/basicLatch.png  used on input line 461.
(pdftex.def)             Requested size: 272.99881pt x 102.66739pt.
[17

 <../media/basicLatch.png>] [18] [19] [20] [21]
Chapter 6.
[22

] [23] [24]
Chapter 7.
[25

]
Overfull \hbox (3.50795pt too wide) in paragraph at lines 720--721
\OT1/cmr/m/n/12 Coordinates the rest of the units. Usually distributed througho
ut the compter.
 []

[26]
Chapter 8.
[27

] [28] [29] [30] [31] [32] [33]
Chapter 9.

Overfull \hbox (34.20714pt too wide) in paragraph at lines 948--949
[]\OT1/cmr/m/n/12 The processor branches to the INTERRUPT ROUTINE. PC $\OMS/cms
y/m/n/12 !$ \OT1/cmr/m/n/12 PROCESSOR
 []

[34

]
Overfull \hbox (99.69453pt too wide) in paragraph at lines 953--953
[]\OT1/cmr/bx/n/14.4 Notes on SUBROUTINE INTERRUPT IMPLEMENTATION: 
 []


Overfull \hbox (8.4551pt too wide) in paragraph at lines 954--956
\OT1/cmr/m/n/12 At the beginning of the subroutine, the processor must send an 
\OT1/cmr/bx/n/12 INTERRUPT
 []


Overfull \hbox (10.27954pt too wide) in paragraph at lines 961--963
\OT1/cmr/m/n/12 the processor has some STATUS REGISTERS PS that have a bit INTE
RRUPT
 []


Overfull \hbox (11.70453pt too wide) in paragraph at lines 972--973
[]\OT1/cmr/m/n/12 STATUS REGISTER PS is saved to the stack, along with the PROG
RAM
 []

[35]
Overfull \hbox (8.08647pt too wide) in paragraph at lines 989--991
 []\OT1/cmr/bx/n/12 INTERRUPT VECTOR TABLE [] \OT1/cmr/m/n/12 is stored (usuall
y in the lowest address
 []


Overfull \hbox (14.23369pt too wide) in paragraph at lines 1000--1001
\OT1/cmr/m/n/12 We already know that the INTERRUPT ENABLE IE bit is in the PROC
ESSOR
 []


Overfull \hbox (2.1588pt too wide) in paragraph at lines 1000--1001
\OT1/cmr/m/n/12 STATUS register which is one of the PROCESSOR CONTROL REGISTERS
. 
 []

[36] [37]
Chapter 10.

Overfull \hbox (10.40274pt too wide) in paragraph at lines 1017--1018
 []\OT1/cmr/bx/n/12 Shannon's Expansion [] \OT1/cmr/m/n/12 allows you to furthe
r simplify your nave multiplexer
 []


Overfull \hbox (35.48375pt too wide) in paragraph at lines 1020--1020
[]\OT1/cmr/bx/n/17.28 Timing Considerations for Flip Flop Circuits 
 []

[38

]
Package atveryend Info: Empty hook `BeforeClearDocument' on input line 1047.
 [39]
Package atveryend Info: Empty hook `AfterLastShipout' on input line 1047.
 (ECE253.aux)
Package atveryend Info: Executing hook `AtVeryEndDocument' on input line 1047.
Package atveryend Info: Executing hook `AtEndAfterFileList' on input line 1047.

Package rerunfilecheck Info: File `ECE253.out' has not changed.
(rerunfilecheck)             Checksum: 3298F2E1FE788C7D335817E20BD75D15;5634.


LaTeX Warning: Label(s) may have changed. Rerun to get cross-references right.

Package atveryend Info: Empty hook `AtVeryVeryEnd' on input line 1047.
 ) 
Here is how much of TeX's memory you used:
 8718 strings out of 494866
 128406 string characters out of 3176398
 433297 words of memory out of 3000000
 11839 multiletter control sequences out of 15000+200000
 13824 words of font info for 53 fonts, out of 3000000 for 9000
 0 hyphenation exceptions out of 8191
 28i,8n,40p,314b,1846s stack positions out of 5000i,500n,10000p,200000b,50000s
</Users/abhargava/Library/Application Support/MiKTeX/texmfs/install/fonts/typ
e1/public/amsfonts/cm/cmbx12.pfb></Users/abhargava/Library/Application Support/
MiKTeX/texmfs/install/fonts/type1/public/amsfonts/cm/cmmi12.pfb></Users/abharga
va/Library/Application Support/MiKTeX/texmfs/install/fonts/type1/public/amsfont
s/cm/cmmi6.pfb></Users/abhargava/Library/Application Support/MiKTeX/texmfs/inst
all/fonts/type1/public/amsfonts/cm/cmmi8.pfb></Users/abhargava/Library/Applicat
ion Support/MiKTeX/texmfs/install/fonts/type1/public/amsfonts/cm/cmr12.pfb></Us
ers/abhargava/Library/Application Support/MiKTeX/texmfs/install/fonts/type1/pub
lic/amsfonts/cm/cmr17.pfb></Users/abhargava/Library/Application Support/MiKTeX/
texmfs/install/fonts/type1/public/amsfonts/cm/cmr8.pfb></Users/abhargava/Librar
y/Application Support/MiKTeX/texmfs/install/fonts/type1/public/amsfonts/cm/cmsy
10.pfb></Users/abhargava/Library/Application Support/MiKTeX/texmfs/install/font
s/type1/public/amsfonts/cm/cmsy8.pfb></Users/abhargava/Library/Application Supp
ort/MiKTeX/texmfs/install/fonts/type1/public/amsfonts/cm/cmti12.pfb></Users/abh
argava/Library/Application Support/MiKTeX/texmfs/install/fonts/type1/public/ams
fonts/cm/cmtt10.pfb>
Output written on ECE253.pdf (40 pages, 394309 bytes).
PDF statistics:
 1046 PDF objects out of 1200 (max. 8388607)
 444 named destinations out of 1000 (max. 500000)
 662 words of extra memory for PDF output out of 10000 (max. 10000000)

