\BOOKMARK [1][-]{section.0.1}{Introduction and Course Information}{}% 1
\BOOKMARK [0][-]{chapter.1}{Vector Space Review}{}% 2
\BOOKMARK [1][-]{section.1.1}{Basic Terminology}{chapter.1}% 3
\BOOKMARK [1][-]{section.1.2}{Norms}{chapter.1}% 4
\BOOKMARK [1][-]{section.1.3}{Inner Products}{chapter.1}% 5
\BOOKMARK [1][-]{section.1.4}{Projection}{chapter.1}% 6
\BOOKMARK [2][-]{subsection.1.4.1}{Projection onto Subspace}{section.1.4}% 7
\BOOKMARK [2][-]{subsection.1.4.2}{Affine Projection}{section.1.4}% 8
\BOOKMARK [0][-]{chapter.2}{Functions and Sets}{}% 9
\BOOKMARK [1][-]{section.2.1}{Basic Terminology}{chapter.2}% 10
\BOOKMARK [1][-]{section.2.2}{Linear and Affine Functions}{chapter.2}% 11
\BOOKMARK [1][-]{section.2.3}{Affine Approximation}{chapter.2}% 12
\BOOKMARK [1][-]{section.2.4}{Chain Rule on Gradients}{chapter.2}% 13
\BOOKMARK [0][-]{chapter.3}{Matrices}{}% 14
\BOOKMARK [1][-]{section.3.1}{Matrix Introduction}{chapter.3}% 15
\BOOKMARK [2][-]{subsection.3.1.1}{Matrix Vector Spaces}{section.3.1}% 16
\BOOKMARK [1][-]{section.3.2}{Function Approximations with Matrices}{chapter.3}% 17
\BOOKMARK [1][-]{section.3.3}{Matrices as Linear Maps}{chapter.3}% 18
\BOOKMARK [2][-]{subsection.3.3.1}{Matrix Inverse}{section.3.3}% 19
\BOOKMARK [1][-]{section.3.4}{Orthogonal Matrices}{chapter.3}% 20
\BOOKMARK [1][-]{section.3.5}{Rank, Range, and Null Space}{chapter.3}% 21
\BOOKMARK [0][-]{chapter.4}{Eigendecomposition}{}% 22
\BOOKMARK [1][-]{section.4.1}{How to Solve for Eigenthings}{chapter.4}% 23
\BOOKMARK [1][-]{section.4.2}{Diagonalization}{chapter.4}% 24
\BOOKMARK [0][-]{chapter.5}{Symmetric Matrices}{}% 25
\BOOKMARK [1][-]{section.5.1}{Symmetric Matrices and Quadratic Functions}{chapter.5}% 26
\BOOKMARK [1][-]{section.5.2}{Spectral Theorem}{chapter.5}% 27
\BOOKMARK [1][-]{section.5.3}{Ellipsoids}{chapter.5}% 28
\BOOKMARK [1][-]{section.5.4}{Matrix Square Root and Cholesky Decomposition}{chapter.5}% 29
\BOOKMARK [0][-]{chapter.6}{Singular Value Decomposition}{}% 30
\BOOKMARK [1][-]{section.6.1}{Motivation}{chapter.6}% 31
\BOOKMARK [1][-]{section.6.2}{Steps to Creating SVD}{chapter.6}% 32
\BOOKMARK [1][-]{section.6.3}{Principal Component Analysis}{chapter.6}% 33
\BOOKMARK [1][-]{section.6.4}{SVD Matrix Properties}{chapter.6}% 34
\BOOKMARK [1][-]{section.6.5}{Moore-Penrose Pseudo-Inverse}{chapter.6}% 35
\BOOKMARK [0][-]{chapter.7}{Systems of Linear Equations}{}% 36
\BOOKMARK [1][-]{section.7.1}{Mathematical Setup}{chapter.7}% 37
\BOOKMARK [1][-]{section.7.2}{Over, Under, and Uniquely Determined Least Squares}{chapter.7}% 38
\BOOKMARK [2][-]{subsection.7.2.1}{Overdetermined}{section.7.2}% 39
\BOOKMARK [2][-]{subsection.7.2.2}{Uniquely Determined}{section.7.2}% 40
\BOOKMARK [2][-]{subsection.7.2.3}{Underdetermined}{section.7.2}% 41
\BOOKMARK [1][-]{section.7.3}{Regularized Least Squares}{chapter.7}% 42
\BOOKMARK [2][-]{subsection.7.3.1}{2 Regularization}{section.7.3}% 43
\BOOKMARK [1][-]{section.7.4}{Tikhonov Regularization}{chapter.7}% 44
\BOOKMARK [1][-]{section.7.5}{Theoretical Aspects of Least Squares}{chapter.7}% 45
\BOOKMARK [2][-]{subsection.7.5.1}{1 Regularization}{section.7.5}% 46
\BOOKMARK [2][-]{subsection.7.5.2}{SVD Connection}{section.7.5}% 47
