\BOOKMARK [1][-]{section.0.1}{Introduction and Course Information}{}% 1
\BOOKMARK [0][-]{chapter.1}{Math Review}{}% 2
\BOOKMARK [1][-]{section.1.1}{Logarithms}{chapter.1}% 3
\BOOKMARK [1][-]{section.1.2}{Sequences and Series}{chapter.1}% 4
\BOOKMARK [1][-]{section.1.3}{Combinatorics}{chapter.1}% 5
\BOOKMARK [0][-]{chapter.2}{Asymptotics}{}% 6
\BOOKMARK [0][-]{chapter.3}{Graphs}{}% 7
\BOOKMARK [1][-]{section.3.1}{Definitions}{chapter.3}% 8
\BOOKMARK [1][-]{section.3.2}{Graph Traversals}{chapter.3}% 9
\BOOKMARK [2][-]{subsection.3.2.1}{Breadth First Search}{section.3.2}% 10
\BOOKMARK [2][-]{subsection.3.2.2}{Depth First Search}{section.3.2}% 11
\BOOKMARK [2][-]{subsection.3.2.3}{Topological Sort}{section.3.2}% 12
\BOOKMARK [1][-]{section.3.3}{Minimum Spanning Trees}{chapter.3}% 13
\BOOKMARK [2][-]{subsection.3.3.1}{Generic Minimum Spanning Tree Approach}{section.3.3}% 14
\BOOKMARK [2][-]{subsection.3.3.2}{Prims Algorithm}{section.3.3}% 15
\BOOKMARK [1][-]{section.3.4}{Shortest Paths}{chapter.3}% 16
\BOOKMARK [2][-]{subsection.3.4.1}{Djikstra's Algorithm}{section.3.4}% 17
\BOOKMARK [2][-]{subsection.3.4.2}{Bellman-Ford Algorithm}{section.3.4}% 18
\BOOKMARK [2][-]{subsection.3.4.3}{Application: Difference Constraints}{section.3.4}% 19
\BOOKMARK [1][-]{section.3.5}{Maximum Flow}{chapter.3}% 20
\BOOKMARK [2][-]{subsection.3.5.1}{Formal Definition}{section.3.5}% 21
\BOOKMARK [2][-]{subsection.3.5.2}{Ford-Fulkerson Method}{section.3.5}% 22
\BOOKMARK [2][-]{subsection.3.5.3}{Edmond-Karp's Algorithm}{section.3.5}% 23
\BOOKMARK [2][-]{subsection.3.5.4}{Maximum Bipartite Matching}{section.3.5}% 24
\BOOKMARK [0][-]{chapter.4}{Trees}{}% 25
\BOOKMARK [1][-]{section.4.1}{Definitions}{chapter.4}% 26
\BOOKMARK [1][-]{section.4.2}{Binary Search Trees}{chapter.4}% 27
\BOOKMARK [2][-]{subsection.4.2.1}{Querying Binary Search Trees}{section.4.2}% 28
\BOOKMARK [1][-]{section.4.3}{Red-Black Trees}{chapter.4}% 29
\BOOKMARK [0][-]{chapter.5}{Proof Methods}{}% 30
\BOOKMARK [1][-]{section.5.1}{Induction}{chapter.5}% 31
\BOOKMARK [1][-]{section.5.2}{Contradiction}{chapter.5}% 32
\BOOKMARK [1][-]{section.5.3}{Master Theorem}{chapter.5}% 33
\BOOKMARK [1][-]{section.5.4}{Substitution}{chapter.5}% 34
\BOOKMARK [0][-]{chapter.6}{Sorting Algorithms}{}% 35
\BOOKMARK [1][-]{section.6.1}{Heapsort}{chapter.6}% 36
\BOOKMARK [2][-]{subsection.6.1.1}{Heaps}{section.6.1}% 37
\BOOKMARK [2][-]{subsection.6.1.2}{Heap Algorithms}{section.6.1}% 38
\BOOKMARK [1][-]{section.6.2}{Quicksort}{chapter.6}% 39
\BOOKMARK [1][-]{section.6.3}{Linear Time Sort}{chapter.6}% 40
\BOOKMARK [2][-]{subsection.6.3.1}{Counting Sort}{section.6.3}% 41
\BOOKMARK [2][-]{subsection.6.3.2}{Radix Sort}{section.6.3}% 42
\BOOKMARK [1][-]{section.6.4}{Order Statistics}{chapter.6}% 43
\BOOKMARK [2][-]{subsection.6.4.1}{Minimum and Maximum Algorithms}{section.6.4}% 44
\BOOKMARK [2][-]{subsection.6.4.2}{Selection in Average Linear Time}{section.6.4}% 45
\BOOKMARK [2][-]{subsection.6.4.3}{Selection in Worst Case Linear Time}{section.6.4}% 46
\BOOKMARK [0][-]{chapter.7}{Hash Tables}{}% 47
\BOOKMARK [1][-]{section.7.1}{Direct Addressing}{chapter.7}% 48
\BOOKMARK [1][-]{section.7.2}{Hash tables}{chapter.7}% 49
\BOOKMARK [1][-]{section.7.3}{Hash Functions}{chapter.7}% 50
\BOOKMARK [2][-]{subsection.7.3.1}{Divisision Method}{section.7.3}% 51
\BOOKMARK [2][-]{subsection.7.3.2}{Multiplication Method}{section.7.3}% 52
\BOOKMARK [2][-]{subsection.7.3.3}{Open Addressing}{section.7.3}% 53
\BOOKMARK [0][-]{chapter.8}{Dynamic Programming}{}% 54
\BOOKMARK [1][-]{section.8.1}{Elements of Dynamic Programming}{chapter.8}% 55
\BOOKMARK [1][-]{section.8.2}{Examples}{chapter.8}% 56
\BOOKMARK [2][-]{subsection.8.2.1}{Rod Cutting}{section.8.2}% 57
\BOOKMARK [0][-]{chapter.9}{Greedy Algorithms}{}% 58
\BOOKMARK [1][-]{section.9.1}{Introduction}{chapter.9}% 59
\BOOKMARK [0][-]{chapter.10}{Amortized Analysis}{}% 60
\BOOKMARK [1][-]{section.10.1}{Aggregate Method}{chapter.10}% 61
\BOOKMARK [1][-]{section.10.2}{Accounting Method}{chapter.10}% 62
\BOOKMARK [1][-]{section.10.3}{Splay Trees}{chapter.10}% 63
\BOOKMARK [0][-]{chapter.11}{Theory of Computation and Automata}{}% 64
\BOOKMARK [1][-]{section.11.1}{Definitions and Preliminaries}{chapter.11}% 65
\BOOKMARK [2][-]{subsection.11.1.1}{Framing}{section.11.1}% 66
\BOOKMARK [2][-]{subsection.11.1.2}{Definitions}{section.11.1}% 67
\BOOKMARK [1][-]{section.11.2}{Regular Languages}{chapter.11}% 68
\BOOKMARK [1][-]{section.11.3}{Complexity Classes P, NP}{chapter.11}% 69
\BOOKMARK [1][-]{section.11.4}{NP-Completeness}{chapter.11}% 70
\BOOKMARK [2][-]{subsection.11.4.1}{Methodology to Prove NP-Completeness}{section.11.4}% 71
