\BOOKMARK [1][-]{section.0.1}{Basic Properties}{}% 1
\BOOKMARK [1][-]{section.0.2}{Material Design}{}% 2
\BOOKMARK [1][-]{section.0.3}{Crystal Structures}{}% 3
\BOOKMARK [2][-]{subsection.0.3.1}{Simple Cubic}{section.0.3}% 4
\BOOKMARK [2][-]{subsection.0.3.2}{Body Centered Cubic}{section.0.3}% 5
\BOOKMARK [2][-]{subsection.0.3.3}{Face Centered Cubic}{section.0.3}% 6
\BOOKMARK [2][-]{subsection.0.3.4}{Ductile-Brittle Transition}{section.0.3}% 7
\BOOKMARK [1][-]{section.0.4}{Strength of Crystalline Materials \(Metals\)}{}% 8
\BOOKMARK [2][-]{subsection.0.4.1}{4 Strengthening Mechanisms: }{section.0.4}% 9
\BOOKMARK [2][-]{subsection.0.4.2}{Conditions for Substitutional Solid Solutions}{section.0.4}% 10
\BOOKMARK [2][-]{subsection.0.4.3}{Resolved Shear Stress: }{section.0.4}% 11
\BOOKMARK [2][-]{subsection.0.4.4}{Defects}{section.0.4}% 12
\BOOKMARK [2][-]{subsection.0.4.5}{Equilibrium Concentration of Point Defects}{section.0.4}% 13
\BOOKMARK [2][-]{subsection.0.4.6}{Fatigue}{section.0.4}% 14
\BOOKMARK [2][-]{subsection.0.4.7}{Hall-Petch Equation}{section.0.4}% 15
\BOOKMARK [1][-]{section.0.5}{C R A C K}{}% 16
\BOOKMARK [2][-]{subsection.0.5.1}{Griffith's Formula: m}{section.0.5}% 17
\BOOKMARK [2][-]{subsection.0.5.2}{c}{section.0.5}% 18
\BOOKMARK [2][-]{subsection.0.5.3}{K}{section.0.5}% 19
\BOOKMARK [1][-]{section.0.6}{Electrical Properties}{}% 20
\BOOKMARK [2][-]{subsection.0.6.1}{4 Ways to Increase Resistivity?}{section.0.6}% 21
\BOOKMARK [2][-]{subsection.0.6.2}{P vs. N-Type Doping}{section.0.6}% 22
\BOOKMARK [2][-]{subsection.0.6.3}{New Ohm's Law}{section.0.6}% 23
\BOOKMARK [2][-]{subsection.0.6.4}{Calculating }{section.0.6}% 24
