\BOOKMARK [0][-]{chapter.1}{Wave Applications}{}% 1
\BOOKMARK [1][-]{section.1.1}{Polarization}{chapter.1}% 2
\BOOKMARK [1][-]{section.1.2}{Interference}{chapter.1}% 3
\BOOKMARK [1][-]{section.1.3}{Double Slit}{chapter.1}% 4
\BOOKMARK [0][-]{chapter.2}{Schroedinger's Equation}{}% 5
\BOOKMARK [1][-]{section.2.1}{Fourier Series}{chapter.2}% 6
\BOOKMARK [2][-]{subsection.2.1.1}{Infinite Fourier Coefficients}{section.2.1}% 7
\BOOKMARK [1][-]{section.2.2}{Matter Waves}{chapter.2}% 8
\BOOKMARK [2][-]{subsection.2.2.1}{Uncertainty Principle}{section.2.2}% 9
\BOOKMARK [2][-]{subsection.2.2.2}{Solving Problems with Uncertainty Principle}{section.2.2}% 10
\BOOKMARK [1][-]{section.2.3}{Schroedinger Equation}{chapter.2}% 11
\BOOKMARK [2][-]{subsection.2.3.1}{Particle in a Box}{section.2.3}% 12
\BOOKMARK [2][-]{subsection.2.3.2}{Time Dependence in Superposition}{section.2.3}% 13
\BOOKMARK [2][-]{subsection.2.3.3}{Determining the Likelihood of a Given Superposition}{section.2.3}% 14
\BOOKMARK [2][-]{subsection.2.3.4}{Quantum Harmonic Oscillator}{section.2.3}% 15
\BOOKMARK [2][-]{subsection.2.3.5}{Probability Density and Current}{section.2.3}% 16
\BOOKMARK [2][-]{subsection.2.3.6}{Eherenfeist Theorem}{section.2.3}% 17
\BOOKMARK [0][-]{chapter.3}{Quantum Wave Transmission}{}% 18
\BOOKMARK [1][-]{section.3.1}{Index of Refraction}{chapter.3}% 19
\BOOKMARK [2][-]{subsection.3.1.1}{Case I: E > V0}{section.3.1}% 20
\BOOKMARK [2][-]{subsection.3.1.2}{Case II: E < V0}{section.3.1}% 21
\BOOKMARK [1][-]{section.3.2}{Quantum Tunneling}{chapter.3}% 22
\BOOKMARK [0][-]{chapter.4}{Quantum Measurements, Operators and the Like}{}% 23
\BOOKMARK [1][-]{section.4.1}{Hamiltonians and Eigen Things}{chapter.4}% 24
